[31-Oct-2019 20:05:31 UTC] PHP Notice:  Query Failed: <br>Data too long for column 'postContent' at row 1<br> SQL: insert into BlogPost values (null,"Wizard","Morbi eu pharetra eros, et consequat sem. Nam commodo purus ut mauris tempor, vestibulum congue leo laoreet. Aenean congue est at sem placerat, varius fringilla quam ullamcorper. Curabitur leo magna, venenatis vitae libero eu, molestie auctor eros. In laoreet euismod libero sed efficitur. Suspendisse rutrum mi sed consequat finibus. Etiam sollicitudin est eget mauris venenatis, eget cursus nisl vulputate. Mauris ac mi consectetur, rutrum augue non, imperdiet sem. Nunc ac lectus cursus, tincidunt sapien sit amet, ultricies ipsum. Aenean fringilla faucibus ullamcorper. Lorem ipsum dolor sit amet, consectetur adipiscing elit. Etiam hendrerit tortor quis porta venenatis. Integer sed pharetra magna.","2019-05-22","AmitTheSlayer6969"); in \\ADFSSTUD2\J-M\mao0418\apache24\htdocs\finalAssignment\MySQLDB.php on line 137
[31-Oct-2019 20:05:31 UTC] PHP Notice:  Query Failed: <br>Data too long for column 'postContent' at row 1<br> SQL: insert into BlogPost values (null,"Pulp Fiction: Worst movie ever!","Praesent fermentum enim vitae tortor molestie interdum. Vivamus commodo gravida neque sit amet facilisis. Etiam nec rutrum est. Nunc vestibulum condimentum vehicula. Vivamus ornare tempus elit, eget sagittis lectus ornare in. Cras volutpat, est quis consequat rutrum, purus libero ultrices orci, in sodales orci nisl dignissim augue. Donec scelerisque efficitur leo, eu lobortis lorem congue ac. Aenean eu odio a justo semper ultrices vitae at felis. Pellentesque maximus finibus sem, vitae porta velit. Lorem ipsum dolor sit amet, consectetur adipiscing elit. Aenean congue varius ante nec malesuada. Curabitur congue commodo erat, in laoreet ipsum vehicula non. Mauris non nisl aliquam, pharetra sem efficitur, viverra libero. Fusce viverra dui et sem malesuada fringilla.","2019-08-11","WheresMySuperSuit"); in \\ADFSSTUD2\J-M\mao0418\apache24\htdocs\finalAssignment\MySQLDB.php on line 137
[31-Oct-2019 20:06:49 UTC] PHP Notice:  Query Failed: <br>Data too long for column 'postContent' at row 1<br> SQL: insert into BlogPost values (null,"Wizard","Morbi eu pharetra eros, et consequat sem. Nam commodo purus ut mauris tempor, vestibulum congue leo laoreet. Aenean congue est at sem placerat, varius fringilla quam ullamcorper. Curabitur leo magna, venenatis vitae libero eu, molestie auctor eros. In laoreet euismod libero sed efficitur. Suspendisse rutrum mi sed consequat finibus. Etiam sollicitudin est eget mauris venenatis, eget cursus nisl vulputate. Mauris ac mi consectetur, rutrum augue non, imperdiet sem. Nunc ac lectus cursus, tincidunt sapien sit amet, ultricies ipsum. Aenean fringilla faucibus ullamcorper. Lorem ipsum dolor sit amet, consectetur adipiscing elit. Etiam hendrerit tortor quis porta venenatis. Integer sed pharetra magna.","2019-05-22","AmitTheSlayer6969"); in \\ADFSSTUD2\J-M\mao0418\apache24\htdocs\finalAssignment\MySQLDB.php on line 137
[31-Oct-2019 20:06:49 UTC] PHP Notice:  Query Failed: <br>Data too long for column 'postContent' at row 1<br> SQL: insert into BlogPost values (null,"Pulp Fiction: Worst movie ever!","Praesent fermentum enim vitae tortor molestie interdum. Vivamus commodo gravida neque sit amet facilisis. Etiam nec rutrum est. Nunc vestibulum condimentum vehicula. Vivamus ornare tempus elit, eget sagittis lectus ornare in. Cras volutpat, est quis consequat rutrum, purus libero ultrices orci, in sodales orci nisl dignissim augue. Donec scelerisque efficitur leo, eu lobortis lorem congue ac. Aenean eu odio a justo semper ultrices vitae at felis. Pellentesque maximus finibus sem, vitae porta velit. Lorem ipsum dolor sit amet, consectetur adipiscing elit. Aenean congue varius ante nec malesuada. Curabitur congue commodo erat, in laoreet ipsum vehicula non. Mauris non nisl aliquam, pharetra sem efficitur, viverra libero. Fusce viverra dui et sem malesuada fringilla.","2019-08-11","WheresMySuperSuit"); in \\ADFSSTUD2\J-M\mao0418\apache24\htdocs\finalAssignment\MySQLDB.php on line 137
[31-Oct-2019 20:08:15 UTC] PHP Notice:  Query Failed: <br>Data too long for column 'postContent' at row 1<br> SQL: insert into BlogPost values (null,"Wizard","Morbi eu pharetra eros, et consequat sem. Nam commodo purus ut mauris tempor, vestibulum congue leo laoreet. Aenean congue est at sem placerat, varius fringilla quam ullamcorper. Curabitur leo magna, venenatis vitae libero eu, molestie auctor eros. In laoreet euismod libero sed efficitur. Suspendisse rutrum mi sed consequat finibus. Etiam sollicitudin est eget mauris venenatis, eget cursus nisl vulputate. Mauris ac mi consectetur, rutrum augue non, imperdiet sem. Nunc ac lectus cursus, tincidunt sapien sit amet, ultricies ipsum.","2019-05-22","AmitTheSlayer6969"); in \\ADFSSTUD2\J-M\mao0418\apache24\htdocs\finalAssignment\MySQLDB.php on line 137
[31-Oct-2019 20:08:15 UTC] PHP Notice:  Query Failed: <br>Data too long for column 'postContent' at row 1<br> SQL: insert into BlogPost values (null,"Pulp Fiction: Worst movie ever!","Praesent fermentum enim vitae tortor molestie interdum. Vivamus commodo gravida neque sit amet facilisis. Etiam nec rutrum est. Nunc vestibulum condimentum vehicula. Vivamus ornare tempus elit, eget sagittis lectus ornare in. Cras volutpat, est quis consequat rutrum, purus libero ultrices orci, in sodales orci nisl dignissim augue. Donec scelerisque efficitur leo, eu lobortis lorem congue ac. Aenean eu odio a justo semper ultrices vitae at felis. Pellentesque maximus finibus sem, vitae porta velit.","2019-08-11","WheresMySuperSuit"); in \\ADFSSTUD2\J-M\mao0418\apache24\htdocs\finalAssignment\MySQLDB.php on line 137
[31-Oct-2019 20:10:14 UTC] PHP Notice:  Undefined index: theAccountID in \\ADFSSTUD2\j-m\mao0418\apache24\htdocs\finalAssignment\userProfile.php on line 7
[31-Oct-2019 20:10:14 UTC] PHP Notice:  Undefined index: theAccountID in \\ADFSSTUD2\j-m\mao0418\apache24\htdocs\finalAssignment\userProfile.php on line 56
[31-Oct-2019 20:10:14 UTC] PHP Notice:  Undefined variable: output in \\ADFSSTUD2\J-M\mao0418\apache24\htdocs\finalAssignment\displayFunctions.php on line 21
[31-Oct-2019 20:30:30 UTC] PHP Notice:  Undefined index: theAccountID in \\ADFSSTUD2\j-m\mao0418\apache24\htdocs\finalAssignment\userProfile.php on line 7
[31-Oct-2019 20:30:30 UTC] PHP Notice:  Undefined index: theAccountID in \\ADFSSTUD2\j-m\mao0418\apache24\htdocs\finalAssignment\userProfile.php on line 56
[31-Oct-2019 20:30:30 UTC] PHP Notice:  Undefined variable: output in \\ADFSSTUD2\J-M\mao0418\apache24\htdocs\finalAssignment\displayFunctions.php on line 21
[31-Oct-2019 20:48:21 UTC] PHP Notice:  Undefined index: theAccountID in \\ADFSSTUD2\j-m\mao0418\apache24\htdocs\finalAssignment\sudokuRegistration.php on line 7
[31-Oct-2019 20:48:47 UTC] PHP Notice:  Undefined index: theAccountID in \\ADFSSTUD2\j-m\mao0418\apache24\htdocs\finalAssignment\sudokuRegistration.php on line 7
[31-Oct-2019 20:48:54 UTC] PHP Notice:  Undefined index: theAccountID in \\ADFSSTUD2\j-m\mao0418\apache24\htdocs\finalAssignment\sudokuRegistration.php on line 7
[31-Oct-2019 20:51:01 UTC] PHP Notice:  Undefined index: theAccountID in \\ADFSSTUD2\j-m\mao0418\apache24\htdocs\finalAssignment\userProfile.php on line 7
[31-Oct-2019 20:51:01 UTC] PHP Notice:  Undefined index: theAccountID in \\ADFSSTUD2\j-m\mao0418\apache24\htdocs\finalAssignment\userProfile.php on line 56
[31-Oct-2019 20:51:01 UTC] PHP Notice:  Undefined variable: output in \\ADFSSTUD2\J-M\mao0418\apache24\htdocs\finalAssignment\displayFunctions.php on line 21
[31-Oct-2019 20:51:03 UTC] PHP Notice:  Undefined index: theAccountID in \\ADFSSTUD2\j-m\mao0418\apache24\htdocs\finalAssignment\userProfile.php on line 7
[31-Oct-2019 20:51:03 UTC] PHP Notice:  Undefined index: theAccountID in \\ADFSSTUD2\j-m\mao0418\apache24\htdocs\finalAssignment\userProfile.php on line 56
[31-Oct-2019 20:51:03 UTC] PHP Notice:  Undefined variable: output in \\ADFSSTUD2\J-M\mao0418\apache24\htdocs\finalAssignment\displayFunctions.php on line 21
[31-Oct-2019 20:52:17 UTC] PHP Notice:  Undefined index: theAccountID in \\ADFSSTUD2\j-m\mao0418\apache24\htdocs\finalAssignment\userProfile.php on line 7
[31-Oct-2019 20:52:17 UTC] PHP Notice:  Undefined index: theAccountID in \\ADFSSTUD2\j-m\mao0418\apache24\htdocs\finalAssignment\userProfile.php on line 56
[31-Oct-2019 20:52:17 UTC] PHP Notice:  Undefined variable: output in \\ADFSSTUD2\J-M\mao0418\apache24\htdocs\finalAssignment\displayFunctions.php on line 21
[31-Oct-2019 21:43:02 UTC] PHP Parse error:  syntax error, unexpected '}' in \\ADFSSTUD2\J-M\mao0418\apache24\htdocs\finalAssignment\displayFunctions.php on line 89
[31-Oct-2019 22:02:19 UTC] PHP Parse error:  syntax error, unexpected 'if' (T_IF) in \\ADFSSTUD2\J-M\mao0418\apache24\htdocs\finalAssignment\displayFunctions.php on line 93
[31-Oct-2019 22:06:19 UTC] PHP Notice:  Undefined variable: output in \\ADFSSTUD2\J-M\mao0418\apache24\htdocs\finalAssignment\displayFunctions.php on line 100
[31-Oct-2019 22:13:41 UTC] PHP Notice:  Undefined variable: aRow in \\ADFSSTUD2\J-M\mao0418\apache24\htdocs\finalAssignment\displayFunctions.php on line 130
[31-Oct-2019 22:13:41 UTC] PHP Notice:  Undefined variable: aRow in \\ADFSSTUD2\J-M\mao0418\apache24\htdocs\finalAssignment\displayFunctions.php on line 131
[31-Oct-2019 22:13:41 UTC] PHP Notice:  Undefined variable: aRow in \\ADFSSTUD2\J-M\mao0418\apache24\htdocs\finalAssignment\displayFunctions.php on line 132
[31-Oct-2019 22:13:41 UTC] PHP Notice:  Undefined variable: aRow in \\ADFSSTUD2\J-M\mao0418\apache24\htdocs\finalAssignment\displayFunctions.php on line 133
[31-Oct-2019 22:13:41 UTC] PHP Notice:  Undefined variable: postCommentCount in \\ADFSSTUD2\J-M\mao0418\apache24\htdocs\finalAssignment\displayFunctions.php on line 134
[31-Oct-2019 22:13:41 UTC] PHP Notice:  Undefined variable: aRow in \\ADFSSTUD2\J-M\mao0418\apache24\htdocs\finalAssignment\displayFunctions.php on line 130
[31-Oct-2019 22:13:41 UTC] PHP Notice:  Undefined variable: aRow in \\ADFSSTUD2\J-M\mao0418\apache24\htdocs\finalAssignment\displayFunctions.php on line 131
[31-Oct-2019 22:13:41 UTC] PHP Notice:  Undefined variable: aRow in \\ADFSSTUD2\J-M\mao0418\apache24\htdocs\finalAssignment\displayFunctions.php on line 132
[31-Oct-2019 22:13:41 UTC] PHP Notice:  Undefined variable: aRow in \\ADFSSTUD2\J-M\mao0418\apache24\htdocs\finalAssignment\displayFunctions.php on line 133
[31-Oct-2019 22:13:41 UTC] PHP Notice:  Undefined variable: postCommentCount in \\ADFSSTUD2\J-M\mao0418\apache24\htdocs\finalAssignment\displayFunctions.php on line 134
[31-Oct-2019 22:13:41 UTC] PHP Notice:  Undefined variable: aRow in \\ADFSSTUD2\J-M\mao0418\apache24\htdocs\finalAssignment\displayFunctions.php on line 130
[31-Oct-2019 22:13:41 UTC] PHP Notice:  Undefined variable: aRow in \\ADFSSTUD2\J-M\mao0418\apache24\htdocs\finalAssignment\displayFunctions.php on line 131
[31-Oct-2019 22:13:41 UTC] PHP Notice:  Undefined variable: aRow in \\ADFSSTUD2\J-M\mao0418\apache24\htdocs\finalAssignment\displayFunctions.php on line 132
[31-Oct-2019 22:13:41 UTC] PHP Notice:  Undefined variable: aRow in \\ADFSSTUD2\J-M\mao0418\apache24\htdocs\finalAssignment\displayFunctions.php on line 133
[31-Oct-2019 22:13:41 UTC] PHP Notice:  Undefined variable: postCommentCount in \\ADFSSTUD2\J-M\mao0418\apache24\htdocs\finalAssignment\displayFunctions.php on line 134
[31-Oct-2019 22:13:41 UTC] PHP Notice:  Undefined variable: aRow in \\ADFSSTUD2\J-M\mao0418\apache24\htdocs\finalAssignment\displayFunctions.php on line 130
[31-Oct-2019 22:13:41 UTC] PHP Notice:  Undefined variable: aRow in \\ADFSSTUD2\J-M\mao0418\apache24\htdocs\finalAssignment\displayFunctions.php on line 131
[31-Oct-2019 22:13:41 UTC] PHP Notice:  Undefined variable: aRow in \\ADFSSTUD2\J-M\mao0418\apache24\htdocs\finalAssignment\displayFunctions.php on line 132
[31-Oct-2019 22:13:41 UTC] PHP Notice:  Undefined variable: aRow in \\ADFSSTUD2\J-M\mao0418\apache24\htdocs\finalAssignment\displayFunctions.php on line 133
[31-Oct-2019 22:13:41 UTC] PHP Notice:  Undefined variable: postCommentCount in \\ADFSSTUD2\J-M\mao0418\apache24\htdocs\finalAssignment\displayFunctions.php on line 134
[31-Oct-2019 22:13:41 UTC] PHP Notice:  Undefined variable: aRow in \\ADFSSTUD2\J-M\mao0418\apache24\htdocs\finalAssignment\displayFunctions.php on line 130
[31-Oct-2019 22:13:41 UTC] PHP Notice:  Undefined variable: aRow in \\ADFSSTUD2\J-M\mao0418\apache24\htdocs\finalAssignment\displayFunctions.php on line 131
[31-Oct-2019 22:13:41 UTC] PHP Notice:  Undefined variable: aRow in \\ADFSSTUD2\J-M\mao0418\apache24\htdocs\finalAssignment\displayFunctions.php on line 132
[31-Oct-2019 22:13:41 UTC] PHP Notice:  Undefined variable: aRow in \\ADFSSTUD2\J-M\mao0418\apache24\htdocs\finalAssignment\displayFunctions.php on line 133
[31-Oct-2019 22:13:41 UTC] PHP Notice:  Undefined variable: postCommentCount in \\ADFSSTUD2\J-M\mao0418\apache24\htdocs\finalAssignment\displayFunctions.php on line 134
[31-Oct-2019 22:13:41 UTC] PHP Notice:  Undefined variable: aRow in \\ADFSSTUD2\J-M\mao0418\apache24\htdocs\finalAssignment\displayFunctions.php on line 130
[31-Oct-2019 22:13:41 UTC] PHP Notice:  Undefined variable: aRow in \\ADFSSTUD2\J-M\mao0418\apache24\htdocs\finalAssignment\displayFunctions.php on line 131
[31-Oct-2019 22:13:41 UTC] PHP Notice:  Undefined variable: aRow in \\ADFSSTUD2\J-M\mao0418\apache24\htdocs\finalAssignment\displayFunctions.php on line 132
[31-Oct-2019 22:13:41 UTC] PHP Notice:  Undefined variable: aRow in \\ADFSSTUD2\J-M\mao0418\apache24\htdocs\finalAssignment\displayFunctions.php on line 133
[31-Oct-2019 22:13:41 UTC] PHP Notice:  Undefined variable: postCommentCount in \\ADFSSTUD2\J-M\mao0418\apache24\htdocs\finalAssignment\displayFunctions.php on line 134
[31-Oct-2019 22:13:41 UTC] PHP Notice:  Undefined variable: aRow in \\ADFSSTUD2\J-M\mao0418\apache24\htdocs\finalAssignment\displayFunctions.php on line 130
[31-Oct-2019 22:13:41 UTC] PHP Notice:  Undefined variable: aRow in \\ADFSSTUD2\J-M\mao0418\apache24\htdocs\finalAssignment\displayFunctions.php on line 131
[31-Oct-2019 22:13:41 UTC] PHP Notice:  Undefined variable: aRow in \\ADFSSTUD2\J-M\mao0418\apache24\htdocs\finalAssignment\displayFunctions.php on line 132
[31-Oct-2019 22:13:41 UTC] PHP Notice:  Undefined variable: aRow in \\ADFSSTUD2\J-M\mao0418\apache24\htdocs\finalAssignment\displayFunctions.php on line 133
[31-Oct-2019 22:13:41 UTC] PHP Notice:  Undefined variable: postCommentCount in \\ADFSSTUD2\J-M\mao0418\apache24\htdocs\finalAssignment\displayFunctions.php on line 134
[31-Oct-2019 22:13:41 UTC] PHP Notice:  Undefined variable: aRow in \\ADFSSTUD2\J-M\mao0418\apache24\htdocs\finalAssignment\displayFunctions.php on line 130
[31-Oct-2019 22:13:41 UTC] PHP Notice:  Undefined variable: aRow in \\ADFSSTUD2\J-M\mao0418\apache24\htdocs\finalAssignment\displayFunctions.php on line 131
[31-Oct-2019 22:13:41 UTC] PHP Notice:  Undefined variable: aRow in \\ADFSSTUD2\J-M\mao0418\apache24\htdocs\finalAssignment\displayFunctions.php on line 132
[31-Oct-2019 22:13:41 UTC] PHP Notice:  Undefined variable: aRow in \\ADFSSTUD2\J-M\mao0418\apache24\htdocs\finalAssignment\displayFunctions.php on line 133
[31-Oct-2019 22:13:41 UTC] PHP Notice:  Undefined variable: postCommentCount in \\ADFSSTUD2\J-M\mao0418\apache24\htdocs\finalAssignment\displayFunctions.php on line 134
[31-Oct-2019 22:13:41 UTC] PHP Notice:  Undefined variable: aRow in \\ADFSSTUD2\J-M\mao0418\apache24\htdocs\finalAssignment\displayFunctions.php on line 130
[31-Oct-2019 22:13:41 UTC] PHP Notice:  Undefined variable: aRow in \\ADFSSTUD2\J-M\mao0418\apache24\htdocs\finalAssignment\displayFunctions.php on line 131
[31-Oct-2019 22:13:41 UTC] PHP Notice:  Undefined variable: aRow in \\ADFSSTUD2\J-M\mao0418\apache24\htdocs\finalAssignment\displayFunctions.php on line 132
[31-Oct-2019 22:13:41 UTC] PHP Notice:  Undefined variable: aRow in \\ADFSSTUD2\J-M\mao0418\apache24\htdocs\finalAssignment\displayFunctions.php on line 133
[31-Oct-2019 22:13:41 UTC] PHP Notice:  Undefined variable: postCommentCount in \\ADFSSTUD2\J-M\mao0418\apache24\htdocs\finalAssignment\displayFunctions.php on line 134
[31-Oct-2019 22:13:41 UTC] PHP Notice:  Undefined variable: aRow in \\ADFSSTUD2\J-M\mao0418\apache24\htdocs\finalAssignment\displayFunctions.php on line 130
[31-Oct-2019 22:13:41 UTC] PHP Notice:  Undefined variable: aRow in \\ADFSSTUD2\J-M\mao0418\apache24\htdocs\finalAssignment\displayFunctions.php on line 131
[31-Oct-2019 22:13:41 UTC] PHP Notice:  Undefined variable: aRow in \\ADFSSTUD2\J-M\mao0418\apache24\htdocs\finalAssignment\displayFunctions.php on line 132
[31-Oct-2019 22:13:41 UTC] PHP Notice:  Undefined variable: aRow in \\ADFSSTUD2\J-M\mao0418\apache24\htdocs\finalAssignment\displayFunctions.php on line 133
[31-Oct-2019 22:13:41 UTC] PHP Notice:  Undefined variable: postCommentCount in \\ADFSSTUD2\J-M\mao0418\apache24\htdocs\finalAssignment\displayFunctions.php on line 134
[31-Oct-2019 22:13:41 UTC] PHP Notice:  Undefined variable: aRow in \\ADFSSTUD2\J-M\mao0418\apache24\htdocs\finalAssignment\displayFunctions.php on line 130
[31-Oct-2019 22:13:41 UTC] PHP Notice:  Undefined variable: aRow in \\ADFSSTUD2\J-M\mao0418\apache24\htdocs\finalAssignment\displayFunctions.php on line 131
[31-Oct-2019 22:13:41 UTC] PHP Notice:  Undefined variable: aRow in \\ADFSSTUD2\J-M\mao0418\apache24\htdocs\finalAssignment\displayFunctions.php on line 132
[31-Oct-2019 22:13:41 UTC] PHP Notice:  Undefined variable: aRow in \\ADFSSTUD2\J-M\mao0418\apache24\htdocs\finalAssignment\displayFunctions.php on line 133
[31-Oct-2019 22:13:41 UTC] PHP Notice:  Undefined variable: postCommentCount in \\ADFSSTUD2\J-M\mao0418\apache24\htdocs\finalAssignment\displayFunctions.php on line 134
[31-Oct-2019 22:14:15 UTC] PHP Notice:  Undefined variable: postCommentCount in \\ADFSSTUD2\J-M\mao0418\apache24\htdocs\finalAssignment\displayFunctions.php on line 134
[31-Oct-2019 22:14:15 UTC] PHP Notice:  Undefined variable: postCommentCount in \\ADFSSTUD2\J-M\mao0418\apache24\htdocs\finalAssignment\displayFunctions.php on line 134
[31-Oct-2019 22:14:15 UTC] PHP Notice:  Undefined variable: postCommentCount in \\ADFSSTUD2\J-M\mao0418\apache24\htdocs\finalAssignment\displayFunctions.php on line 134
[31-Oct-2019 22:14:15 UTC] PHP Notice:  Undefined variable: postCommentCount in \\ADFSSTUD2\J-M\mao0418\apache24\htdocs\finalAssignment\displayFunctions.php on line 134
[31-Oct-2019 22:14:15 UTC] PHP Notice:  Undefined variable: postCommentCount in \\ADFSSTUD2\J-M\mao0418\apache24\htdocs\finalAssignment\displayFunctions.php on line 134
[31-Oct-2019 22:14:15 UTC] PHP Notice:  Undefined variable: postCommentCount in \\ADFSSTUD2\J-M\mao0418\apache24\htdocs\finalAssignment\displayFunctions.php on line 134
[31-Oct-2019 22:14:15 UTC] PHP Notice:  Undefined variable: postCommentCount in \\ADFSSTUD2\J-M\mao0418\apache24\htdocs\finalAssignment\displayFunctions.php on line 134
[31-Oct-2019 22:14:15 UTC] PHP Notice:  Undefined variable: postCommentCount in \\ADFSSTUD2\J-M\mao0418\apache24\htdocs\finalAssignment\displayFunctions.php on line 134
[31-Oct-2019 22:14:15 UTC] PHP Notice:  Undefined variable: postCommentCount in \\ADFSSTUD2\J-M\mao0418\apache24\htdocs\finalAssignment\displayFunctions.php on line 134
[31-Oct-2019 22:14:15 UTC] PHP Notice:  Undefined variable: postCommentCount in \\ADFSSTUD2\J-M\mao0418\apache24\htdocs\finalAssignment\displayFunctions.php on line 134
[31-Oct-2019 22:14:15 UTC] PHP Notice:  Undefined variable: postCommentCount in \\ADFSSTUD2\J-M\mao0418\apache24\htdocs\finalAssignment\displayFunctions.php on line 134
[31-Oct-2019 22:32:43 UTC] PHP Fatal error:  Uncaught ArgumentCountError: Too few arguments to function generatePost(), 3 passed in \\ADFSSTUD2\J-M\mao0418\apache24\htdocs\finalAssignment\displayFunctions.php on line 46 and exactly 4 expected in \\ADFSSTUD2\J-M\mao0418\apache24\htdocs\finalAssignment\displayFunctions.php:129
Stack trace:
#0 \\ADFSSTUD2\J-M\mao0418\apache24\htdocs\finalAssignment\displayFunctions.php(46): generatePost(Object(MySQL), 3, Array)
#1 \\ADFSSTUD2\j-m\mao0418\apache24\htdocs\finalAssignment\userProfile.php(61): getUsersPosts(Object(MySQL), 'AmitTheSlayer69...')
#2 {main}
  thrown in \\ADFSSTUD2\J-M\mao0418\apache24\htdocs\finalAssignment\displayFunctions.php on line 129
