[01-Dec-2019 22:15:39 UTC] PHP Notice:  Query Failed: <br>Table 'sudoku.postlikes' doesn't exist<br> SQL: SELECT COUNT(likeID) as total FROM PostLikes WHERE postID = '3' in \\ADFSSTUD2\J-M\mao0418\apache24\htdocs\finalAssignment\SudokuWebsite\MySQLDB.php on line 142
[01-Dec-2019 22:15:39 UTC] PHP Fatal error:  Uncaught Error: Call to a member function fetch() on bool in \\ADFSSTUD2\J-M\mao0418\apache24\htdocs\finalAssignment\SudokuWebsite\myFunctions.php:217
Stack trace:
#0 \\ADFSSTUD2\J-M\mao0418\apache24\htdocs\finalAssignment\SudokuWebsite\displayFunctions.php(94): getBlogPostLikes(Object(MySQL), '3')
#1 \\ADFSSTUD2\j-m\mao0418\apache24\htdocs\finalAssignment\SudokuWebsite\posts.php(85): getPosts(Object(MySQL), 'none', '')
#2 {main}
  thrown in \\ADFSSTUD2\J-M\mao0418\apache24\htdocs\finalAssignment\SudokuWebsite\myFunctions.php on line 217
[01-Dec-2019 22:38:21 UTC] PHP Fatal error:  Uncaught Error: Call to undefined function msg() in \\ADFSSTUD2\j-m\mao0418\apache24\htdocs\finalAssignment\SudokuWebsite\sudokuHome.php:11
Stack trace:
#0 {main}
  thrown in \\ADFSSTUD2\j-m\mao0418\apache24\htdocs\finalAssignment\SudokuWebsite\sudokuHome.php on line 11
[01-Dec-2019 22:38:45 UTC] PHP Parse error:  syntax error, unexpected '=' in \\ADFSSTUD2\J-M\mao0418\apache24\htdocs\finalAssignment\SudokuWebsite\i18n_bengal.php on line 23
[01-Dec-2019 22:39:01 UTC] PHP Parse error:  syntax error, unexpected '=' in \\ADFSSTUD2\J-M\mao0418\apache24\htdocs\finalAssignment\SudokuWebsite\i18n_bengal.php on line 23
[01-Dec-2019 22:39:01 UTC] PHP Parse error:  syntax error, unexpected '=' in \\ADFSSTUD2\J-M\mao0418\apache24\htdocs\finalAssignment\SudokuWebsite\i18n_bengal.php on line 23
[01-Dec-2019 22:39:02 UTC] PHP Parse error:  syntax error, unexpected '=' in \\ADFSSTUD2\J-M\mao0418\apache24\htdocs\finalAssignment\SudokuWebsite\i18n_bengal.php on line 23
[01-Dec-2019 22:39:02 UTC] PHP Parse error:  syntax error, unexpected '=' in \\ADFSSTUD2\J-M\mao0418\apache24\htdocs\finalAssignment\SudokuWebsite\i18n_bengal.php on line 23
[01-Dec-2019 22:39:02 UTC] PHP Parse error:  syntax error, unexpected '=' in \\ADFSSTUD2\J-M\mao0418\apache24\htdocs\finalAssignment\SudokuWebsite\i18n_bengal.php on line 23
[01-Dec-2019 22:39:09 UTC] PHP Parse error:  syntax error, unexpected '=' in \\ADFSSTUD2\J-M\mao0418\apache24\htdocs\finalAssignment\SudokuWebsite\i18n_bengal.php on line 23
[01-Dec-2019 22:39:09 UTC] PHP Parse error:  syntax error, unexpected '=' in \\ADFSSTUD2\J-M\mao0418\apache24\htdocs\finalAssignment\SudokuWebsite\i18n_bengal.php on line 23
[01-Dec-2019 22:39:10 UTC] PHP Parse error:  syntax error, unexpected '=' in \\ADFSSTUD2\J-M\mao0418\apache24\htdocs\finalAssignment\SudokuWebsite\i18n_bengal.php on line 23
[01-Dec-2019 22:41:18 UTC] PHP Parse error:  syntax error, unexpected '=' in \\ADFSSTUD2\J-M\mao0418\apache24\htdocs\finalAssignment\SudokuWebsite\i18n_bengal.php on line 23
[01-Dec-2019 22:41:19 UTC] PHP Parse error:  syntax error, unexpected '=' in \\ADFSSTUD2\J-M\mao0418\apache24\htdocs\finalAssignment\SudokuWebsite\i18n_bengal.php on line 23
[01-Dec-2019 22:41:46 UTC] PHP Notice:  session_start(): A session had already been started - ignoring in \\ADFSSTUD2\J-M\mao0418\apache24\htdocs\finalAssignment\SudokuWebsite\i18n_bengal.php on line 37
[01-Dec-2019 22:41:46 UTC] PHP Notice:  Undefined index: locale in \\ADFSSTUD2\J-M\mao0418\apache24\htdocs\finalAssignment\SudokuWebsite\i18n_bengal.php on line 24
[01-Dec-2019 22:41:46 UTC] l10n error: locale: , message:'Sunday'
[01-Dec-2019 22:41:46 UTC] PHP Notice:  Undefined index: locale in \\ADFSSTUD2\J-M\mao0418\apache24\htdocs\finalAssignment\SudokuWebsite\i18n_bengal.php on line 24
[01-Dec-2019 22:41:46 UTC] l10n error: locale: , message:'Sunday'
[01-Dec-2019 22:41:58 UTC] PHP Notice:  Undefined index: locale in \\ADFSSTUD2\J-M\mao0418\apache24\htdocs\finalAssignment\SudokuWebsite\i18n_bengal.php on line 24
[01-Dec-2019 22:41:58 UTC] l10n error: locale: , message:'Sunday'
[01-Dec-2019 22:46:29 UTC] PHP Notice:  Undefined index: locale in \\ADFSSTUD2\J-M\mao0418\apache24\htdocs\finalAssignment\SudokuWebsite\i18n_bengal.php on line 31
[01-Dec-2019 22:46:29 UTC] l10n error: locale: , message:'Sunday'
[01-Dec-2019 22:48:06 UTC] l10n error: locale: en-US, message:'Sunday'
[01-Dec-2019 23:30:01 UTC] l10n error: locale: en-US, message:'Sunday'
[02-Dec-2019 00:12:05 UTC] PHP Parse error:  syntax error, unexpected '->' (T_OBJECT_OPERATOR) in \\ADFSSTUD2\J-M\mao0418\apache24\htdocs\finalAssignment\SudokuWebsite\i18n_sudoku.php on line 18
[02-Dec-2019 00:12:28 UTC] PHP Parse error:  syntax error, unexpected '.=' (T_CONCAT_EQUAL) in \\ADFSSTUD2\J-M\mao0418\apache24\htdocs\finalAssignment\SudokuWebsite\i18n_sudoku.php on line 24
[02-Dec-2019 00:14:58 UTC] PHP Fatal error:  Uncaught Error: Using $this when not in object context in \\ADFSSTUD2\J-M\mao0418\apache24\htdocs\finalAssignment\SudokuWebsite\i18n_sudoku.php:18
Stack trace:
#0 \\ADFSSTUD2\j-m\mao0418\apache24\htdocs\finalAssignment\SudokuWebsite\sudokuHome.php(37): I18n::checkText('Home')
#1 {main}
  thrown in \\ADFSSTUD2\J-M\mao0418\apache24\htdocs\finalAssignment\SudokuWebsite\i18n_sudoku.php on line 18
[02-Dec-2019 00:15:26 UTC] PHP Parse error:  syntax error, unexpected '::' (T_PAAMAYIM_NEKUDOTAYIM) in \\ADFSSTUD2\J-M\mao0418\apache24\htdocs\finalAssignment\SudokuWebsite\i18n_sudoku.php on line 18
[02-Dec-2019 00:15:42 UTC] PHP Warning:  Use of undefined constant translation - assumed 'translation' (this will throw an Error in a future version of PHP) in \\ADFSSTUD2\J-M\mao0418\apache24\htdocs\finalAssignment\SudokuWebsite\i18n_sudoku.php on line 33
[02-Dec-2019 00:15:42 UTC] PHP Notice:  Undefined variable: phrase in \\ADFSSTUD2\J-M\mao0418\apache24\htdocs\finalAssignment\SudokuWebsite\i18n_sudoku.php on line 33
[02-Dec-2019 00:15:42 UTC] PHP Notice:  Undefined variable: phrase in \\ADFSSTUD2\J-M\mao0418\apache24\htdocs\finalAssignment\SudokuWebsite\i18n_sudoku.php on line 38
[02-Dec-2019 00:15:42 UTC] PHP Notice:  Undefined index:  in \\ADFSSTUD2\J-M\mao0418\apache24\htdocs\finalAssignment\SudokuWebsite\i18n_sudoku.php on line 38
[02-Dec-2019 00:16:26 UTC] PHP Warning:  Use of undefined constant translation - assumed 'translation' (this will throw an Error in a future version of PHP) in \\ADFSSTUD2\J-M\mao0418\apache24\htdocs\finalAssignment\SudokuWebsite\i18n_sudoku.php on line 33
[02-Dec-2019 00:25:30 UTC] PHP Fatal error:  Uncaught Error: Class 'I18n' not found in \\ADFSSTUD2\j-m\mao0418\apache24\htdocs\finalAssignment\SudokuWebsite\posts.php:35
Stack trace:
#0 {main}
  thrown in \\ADFSSTUD2\j-m\mao0418\apache24\htdocs\finalAssignment\SudokuWebsite\posts.php on line 35
[02-Dec-2019 00:27:30 UTC] PHP Parse error:  syntax error, unexpected 'etrieveUserName' (T_STRING) in \\ADFSSTUD2\j-m\mao0418\apache24\htdocs\finalAssignment\SudokuWebsite\sudokuHome.php on line 46
[02-Dec-2019 00:31:49 UTC] PHP Notice:  Undefined index: theAccountID in \\ADFSSTUD2\j-m\mao0418\apache24\htdocs\finalAssignment\SudokuWebsite\userProfile.php on line 8
[02-Dec-2019 00:31:49 UTC] PHP Notice:  Undefined index: theAccountID in \\ADFSSTUD2\j-m\mao0418\apache24\htdocs\finalAssignment\SudokuWebsite\userProfile.php on line 64
[02-Dec-2019 00:31:49 UTC] PHP Notice:  Undefined variable: output in \\ADFSSTUD2\J-M\mao0418\apache24\htdocs\finalAssignment\SudokuWebsite\displayFunctions.php on line 20
[02-Dec-2019 00:33:12 UTC] PHP Notice:  Undefined index: theAccountID in \\ADFSSTUD2\j-m\mao0418\apache24\htdocs\finalAssignment\SudokuWebsite\userProfile.php on line 8
[02-Dec-2019 00:33:12 UTC] PHP Notice:  Undefined index: theAccountID in \\ADFSSTUD2\j-m\mao0418\apache24\htdocs\finalAssignment\SudokuWebsite\userProfile.php on line 64
[02-Dec-2019 00:33:12 UTC] PHP Notice:  Undefined variable: output in \\ADFSSTUD2\J-M\mao0418\apache24\htdocs\finalAssignment\SudokuWebsite\displayFunctions.php on line 20
[02-Dec-2019 00:36:37 UTC] PHP Notice:  Undefined index: theAccountID in \\ADFSSTUD2\j-m\mao0418\apache24\htdocs\finalAssignment\SudokuWebsite\userProfile.php on line 8
[02-Dec-2019 00:36:37 UTC] PHP Notice:  Undefined index: theAccountID in \\ADFSSTUD2\j-m\mao0418\apache24\htdocs\finalAssignment\SudokuWebsite\userProfile.php on line 64
[02-Dec-2019 00:36:37 UTC] PHP Notice:  Undefined variable: output in \\ADFSSTUD2\J-M\mao0418\apache24\htdocs\finalAssignment\SudokuWebsite\displayFunctions.php on line 20
